S.5....T.  c /etc/sysctl.conf
missing     /var/log/chrony
S.5....T.  c /etc/os-release
missing     /var/run/wpa_supplicant
....L....  c /etc/pam.d/fingerprint-auth
....L....  c /etc/pam.d/password-auth
....L....  c /etc/pam.d/postlogin
....L....  c /etc/pam.d/smartcard-auth
....L....  c /etc/pam.d/system-auth
S.5....T.  c /etc/ssh/sshd_config
S.5....T.  c /etc/sysconfig/authconfig
S.5....T.  c /etc/yum/pluginconf.d/langpacks.conf
..5....T.  c /etc/yum/pluginconf.d/subscription-manager.conf
S.5....T.  c /etc/cloud/cloud.cfg
.M.......  g /var/log/dmesg
.M.......  g /var/log/dmesg.old
.M.......  c /boot/grub2/grub.cfg
.M....G..  g /var/log/journal
.M.......  g /etc/pki/ca-trust/extracted/java/cacerts
.M.......  g /etc/pki/ca-trust/extracted/openssl/ca-bundle.trust.crt
.M.......  g /etc/pki/ca-trust/extracted/pem/email-ca-bundle.pem
.M.......  g /etc/pki/ca-trust/extracted/pem/objsign-ca-bundle.pem
.M.......  g /etc/pki/ca-trust/extracted/pem/tls-ca-bundle.pem
S.5....T.  c /etc/chrony.conf
.M....G..  g /run/lsm
.M....G..  g /run/lsm/ipc
.M.......  g /etc/lvm/cache/.cache
.......T.  c /etc/yum/pluginconf.d/product-id.conf
.......T.  c /etc/yum/pluginconf.d/subscription-manager.conf
.M.......  g /var/spool/anacron/cron.daily
.M.......  g /var/spool/anacron/cron.monthly
.M.......  g /var/spool/anacron/cron.weekly
S.5....T.  c /etc/sudoers
S.5....T.  c /etc/systemd/logind.conf
.......T.  c /etc/yum.repos.d/rh-cloud.repo
..5....T.  c /etc/yum/pluginconf.d/product-id.conf
