..5....T.  c /etc/yum/pluginconf.d/product-id.conf
..5....T.  c /etc/yum/pluginconf.d/subscription-manager.conf
.M.......  g /etc/selinux/targeted/active/policy.linked
S.5....T.  c /etc/sysconfig/authconfig
S.5....T.  c /etc/sudoers
....L....  c /etc/pam.d/fingerprint-auth
....L....  c /etc/pam.d/password-auth
....L....  c /etc/pam.d/postlogin
....L....  c /etc/pam.d/smartcard-auth
....L....  c /etc/pam.d/system-auth
.M.......  c /etc/sysconfig/kernel
.M.......  c /etc/machine-id
S.5....T.  c /etc/systemd/logind.conf
.M.......  g /etc/udev/hwdb.bin
.M.......  g /var/lib/systemd/random-seed
.M.......  g /var/log/dmesg
.M.......  g /var/spool/anacron/cron.daily
.M.......  g /var/spool/anacron/cron.monthly
.M.......  g /var/spool/anacron/cron.weekly
missing     /var/run/wpa_supplicant
S.5....T.  c /etc/ssh/sshd_config
.M.......  g /boot/initramfs-3.10.0-862.el7.x86_64.img
.M.......  c /etc/audit/rules.d/audit.rules
.M.......  g /etc/pki/ca-trust/extracted/java/cacerts
.M.......  g /etc/pki/ca-trust/extracted/openssl/ca-bundle.trust.crt
.M.......  g /etc/pki/ca-trust/extracted/pem/email-ca-bundle.pem
.M.......  g /etc/pki/ca-trust/extracted/pem/objsign-ca-bundle.pem
.M.......  g /etc/pki/ca-trust/extracted/pem/tls-ca-bundle.pem
.M.......  g /var/log/dmesg.old
.5....T.  c /etc/cloud/cloud.cfg
S.5....T.  c /etc/cloud/cloud.cfg
missing     /var/log/rhsm
missing     /var/log/qemu-ga
missing     /var/log/ovirt-guest-agent
missing     /var/log/audit
S.5....T.  c /root/.bash_profile
S.5....T.  c /etc/issue
S.5....T.  c /etc/pam.d/system-auth
S.5....T.  c /etc/dracut.conf
